2020-07-21 20:53:29
TypeError: Cannot read property 'forEach' of null
    at storeCollectedValue (/home/pool/pools/cryptonote-nodejs-pool/lib/charts.js:102:9)
    at /home/pool/pools/cryptonote-nodejs-pool/lib/charts.js:138:4
    at fn (/home/pool/pools/cryptonote-nodejs-pool/node_modules/async/lib/async.js:746:34)
    at /home/pool/pools/cryptonote-nodejs-pool/node_modules/async/lib/async.js:1213:16
    at /home/pool/pools/cryptonote-nodejs-pool/node_modules/async/lib/async.js:166:37
    at /home/pool/pools/cryptonote-nodejs-pool/node_modules/async/lib/async.js:706:43
    at /home/pool/pools/cryptonote-nodejs-pool/node_modules/async/lib/async.js:167:37
    at /home/pool/pools/cryptonote-nodejs-pool/node_modules/async/lib/async.js:1209:30
    at /home/pool/pools/cryptonote-nodejs-pool/lib/charts.js:176:3
    at /home/pool/pools/cryptonote-nodejs-pool/lib/charts.js:167:3

2020-07-21 20:53:29
TypeError: Cannot read property 'forEach' of null
    at storeCollectedValue (/home/pool/pools/cryptonote-nodejs-pool/lib/charts.js:102:9)
    at /home/pool/pools/cryptonote-nodejs-pool/lib/charts.js:138:4
    at fn (/home/pool/pools/cryptonote-nodejs-pool/node_modules/async/lib/async.js:746:34)
    at /home/pool/pools/cryptonote-nodejs-pool/node_modules/async/lib/async.js:1213:16
    at /home/pool/pools/cryptonote-nodejs-pool/node_modules/async/lib/async.js:166:37
    at /home/pool/pools/cryptonote-nodejs-pool/node_modules/async/lib/async.js:706:43
    at /home/pool/pools/cryptonote-nodejs-pool/node_modules/async/lib/async.js:167:37
    at /home/pool/pools/cryptonote-nodejs-pool/node_modules/async/lib/async.js:1209:30
    at /home/pool/pools/cryptonote-nodejs-pool/lib/charts.js:194:3
    at /home/pool/pools/cryptonote-nodejs-pool/lib/charts.js:167:3

2020-07-21 20:53:29
TypeError: Cannot read property 'forEach' of null
    at storeCollectedValue (/home/pool/pools/cryptonote-nodejs-pool/lib/charts.js:102:9)
    at /home/pool/pools/cryptonote-nodejs-pool/lib/charts.js:138:4
    at fn (/home/pool/pools/cryptonote-nodejs-pool/node_modules/async/lib/async.js:746:34)
    at /home/pool/pools/cryptonote-nodejs-pool/node_modules/async/lib/async.js:1213:16
    at /home/pool/pools/cryptonote-nodejs-pool/node_modules/async/lib/async.js:166:37
    at /home/pool/pools/cryptonote-nodejs-pool/node_modules/async/lib/async.js:706:43
    at /home/pool/pools/cryptonote-nodejs-pool/node_modules/async/lib/async.js:167:37
    at /home/pool/pools/cryptonote-nodejs-pool/node_modules/async/lib/async.js:1209:30
    at /home/pool/pools/cryptonote-nodejs-pool/lib/charts.js:185:3
    at /home/pool/pools/cryptonote-nodejs-pool/lib/charts.js:167:3

2020-07-21 20:54:32
TypeError: Cannot read property 'forEach' of null
    at storeCollectedValue (/home/pool/pools/cryptonote-nodejs-pool/lib/charts.js:102:9)
    at /home/pool/pools/cryptonote-nodejs-pool/lib/charts.js:138:4
    at fn (/home/pool/pools/cryptonote-nodejs-pool/node_modules/async/lib/async.js:746:34)
    at /home/pool/pools/cryptonote-nodejs-pool/node_modules/async/lib/async.js:1213:16
    at /home/pool/pools/cryptonote-nodejs-pool/node_modules/async/lib/async.js:166:37
    at /home/pool/pools/cryptonote-nodejs-pool/node_modules/async/lib/async.js:706:43
    at /home/pool/pools/cryptonote-nodejs-pool/node_modules/async/lib/async.js:167:37
    at /home/pool/pools/cryptonote-nodejs-pool/node_modules/async/lib/async.js:1209:30
    at /home/pool/pools/cryptonote-nodejs-pool/lib/charts.js:176:3
    at /home/pool/pools/cryptonote-nodejs-pool/lib/charts.js:167:3

2020-07-21 20:54:32
TypeError: Cannot read property 'forEach' of null
    at storeCollectedValue (/home/pool/pools/cryptonote-nodejs-pool/lib/charts.js:102:9)
    at /home/pool/pools/cryptonote-nodejs-pool/lib/charts.js:138:4
    at fn (/home/pool/pools/cryptonote-nodejs-pool/node_modules/async/lib/async.js:746:34)
    at /home/pool/pools/cryptonote-nodejs-pool/node_modules/async/lib/async.js:1213:16
    at /home/pool/pools/cryptonote-nodejs-pool/node_modules/async/lib/async.js:166:37
    at /home/pool/pools/cryptonote-nodejs-pool/node_modules/async/lib/async.js:706:43
    at /home/pool/pools/cryptonote-nodejs-pool/node_modules/async/lib/async.js:167:37
    at /home/pool/pools/cryptonote-nodejs-pool/node_modules/async/lib/async.js:1209:30
    at /home/pool/pools/cryptonote-nodejs-pool/lib/charts.js:194:3
    at /home/pool/pools/cryptonote-nodejs-pool/lib/charts.js:167:3

2020-07-21 20:54:32
TypeError: Cannot read property 'forEach' of null
    at storeCollectedValue (/home/pool/pools/cryptonote-nodejs-pool/lib/charts.js:102:9)
    at /home/pool/pools/cryptonote-nodejs-pool/lib/charts.js:138:4
    at fn (/home/pool/pools/cryptonote-nodejs-pool/node_modules/async/lib/async.js:746:34)
    at /home/pool/pools/cryptonote-nodejs-pool/node_modules/async/lib/async.js:1213:16
    at /home/pool/pools/cryptonote-nodejs-pool/node_modules/async/lib/async.js:166:37
    at /home/pool/pools/cryptonote-nodejs-pool/node_modules/async/lib/async.js:706:43
    at /home/pool/pools/cryptonote-nodejs-pool/node_modules/async/lib/async.js:167:37
    at /home/pool/pools/cryptonote-nodejs-pool/node_modules/async/lib/async.js:1209:30
    at /home/pool/pools/cryptonote-nodejs-pool/lib/charts.js:185:3
    at /home/pool/pools/cryptonote-nodejs-pool/lib/charts.js:167:3

2020-07-21 20:55:34
TypeError: Cannot read property 'forEach' of null
    at storeCollectedValue (/home/pool/pools/cryptonote-nodejs-pool/lib/charts.js:102:9)
    at /home/pool/pools/cryptonote-nodejs-pool/lib/charts.js:138:4
    at fn (/home/pool/pools/cryptonote-nodejs-pool/node_modules/async/lib/async.js:746:34)
    at /home/pool/pools/cryptonote-nodejs-pool/node_modules/async/lib/async.js:1213:16
    at /home/pool/pools/cryptonote-nodejs-pool/node_modules/async/lib/async.js:166:37
    at /home/pool/pools/cryptonote-nodejs-pool/node_modules/async/lib/async.js:706:43
    at /home/pool/pools/cryptonote-nodejs-pool/node_modules/async/lib/async.js:167:37
    at /home/pool/pools/cryptonote-nodejs-pool/node_modules/async/lib/async.js:1209:30
    at /home/pool/pools/cryptonote-nodejs-pool/lib/charts.js:176:3
    at /home/pool/pools/cryptonote-nodejs-pool/lib/charts.js:167:3

2020-07-21 20:55:34
TypeError: Cannot read property 'forEach' of null
    at storeCollectedValue (/home/pool/pools/cryptonote-nodejs-pool/lib/charts.js:102:9)
    at /home/pool/pools/cryptonote-nodejs-pool/lib/charts.js:138:4
    at fn (/home/pool/pools/cryptonote-nodejs-pool/node_modules/async/lib/async.js:746:34)
    at /home/pool/pools/cryptonote-nodejs-pool/node_modules/async/lib/async.js:1213:16
    at /home/pool/pools/cryptonote-nodejs-pool/node_modules/async/lib/async.js:166:37
    at /home/pool/pools/cryptonote-nodejs-pool/node_modules/async/lib/async.js:706:43
    at /home/pool/pools/cryptonote-nodejs-pool/node_modules/async/lib/async.js:167:37
    at /home/pool/pools/cryptonote-nodejs-pool/node_modules/async/lib/async.js:1209:30
    at /home/pool/pools/cryptonote-nodejs-pool/lib/charts.js:194:3
    at /home/pool/pools/cryptonote-nodejs-pool/lib/charts.js:167:3

2020-07-21 20:55:34
TypeError: Cannot read property 'forEach' of null
    at storeCollectedValue (/home/pool/pools/cryptonote-nodejs-pool/lib/charts.js:102:9)
    at /home/pool/pools/cryptonote-nodejs-pool/lib/charts.js:138:4
    at fn (/home/pool/pools/cryptonote-nodejs-pool/node_modules/async/lib/async.js:746:34)
    at /home/pool/pools/cryptonote-nodejs-pool/node_modules/async/lib/async.js:1213:16
    at /home/pool/pools/cryptonote-nodejs-pool/node_modules/async/lib/async.js:166:37
    at /home/pool/pools/cryptonote-nodejs-pool/node_modules/async/lib/async.js:706:43
    at /home/pool/pools/cryptonote-nodejs-pool/node_modules/async/lib/async.js:167:37
    at /home/pool/pools/cryptonote-nodejs-pool/node_modules/async/lib/async.js:1209:30
    at /home/pool/pools/cryptonote-nodejs-pool/lib/charts.js:185:3
    at /home/pool/pools/cryptonote-nodejs-pool/lib/charts.js:167:3

2020-07-21 20:56:36
TypeError: Cannot read property 'forEach' of null
    at storeCollectedValue (/home/pool/pools/cryptonote-nodejs-pool/lib/charts.js:102:9)
    at /home/pool/pools/cryptonote-nodejs-pool/lib/charts.js:138:4
    at fn (/home/pool/pools/cryptonote-nodejs-pool/node_modules/async/lib/async.js:746:34)
    at /home/pool/pools/cryptonote-nodejs-pool/node_modules/async/lib/async.js:1213:16
    at /home/pool/pools/cryptonote-nodejs-pool/node_modules/async/lib/async.js:166:37
    at /home/pool/pools/cryptonote-nodejs-pool/node_modules/async/lib/async.js:706:43
    at /home/pool/pools/cryptonote-nodejs-pool/node_modules/async/lib/async.js:167:37
    at /home/pool/pools/cryptonote-nodejs-pool/node_modules/async/lib/async.js:1209:30
    at /home/pool/pools/cryptonote-nodejs-pool/lib/charts.js:176:3
    at /home/pool/pools/cryptonote-nodejs-pool/lib/charts.js:167:3

2020-07-21 20:56:36
TypeError: Cannot read property 'forEach' of null
    at storeCollectedValue (/home/pool/pools/cryptonote-nodejs-pool/lib/charts.js:102:9)
    at /home/pool/pools/cryptonote-nodejs-pool/lib/charts.js:138:4
    at fn (/home/pool/pools/cryptonote-nodejs-pool/node_modules/async/lib/async.js:746:34)
    at /home/pool/pools/cryptonote-nodejs-pool/node_modules/async/lib/async.js:1213:16
    at /home/pool/pools/cryptonote-nodejs-pool/node_modules/async/lib/async.js:166:37
    at /home/pool/pools/cryptonote-nodejs-pool/node_modules/async/lib/async.js:706:43
    at /home/pool/pools/cryptonote-nodejs-pool/node_modules/async/lib/async.js:167:37
    at /home/pool/pools/cryptonote-nodejs-pool/node_modules/async/lib/async.js:1209:30
    at /home/pool/pools/cryptonote-nodejs-pool/lib/charts.js:194:3
    at /home/pool/pools/cryptonote-nodejs-pool/lib/charts.js:167:3

2020-07-21 20:56:36
TypeError: Cannot read property 'forEach' of null
    at storeCollectedValue (/home/pool/pools/cryptonote-nodejs-pool/lib/charts.js:102:9)
    at /home/pool/pools/cryptonote-nodejs-pool/lib/charts.js:138:4
    at fn (/home/pool/pools/cryptonote-nodejs-pool/node_modules/async/lib/async.js:746:34)
    at /home/pool/pools/cryptonote-nodejs-pool/node_modules/async/lib/async.js:1213:16
    at /home/pool/pools/cryptonote-nodejs-pool/node_modules/async/lib/async.js:166:37
    at /home/pool/pools/cryptonote-nodejs-pool/node_modules/async/lib/async.js:706:43
    at /home/pool/pools/cryptonote-nodejs-pool/node_modules/async/lib/async.js:167:37
    at /home/pool/pools/cryptonote-nodejs-pool/node_modules/async/lib/async.js:1209:30
    at /home/pool/pools/cryptonote-nodejs-pool/lib/charts.js:185:3
    at /home/pool/pools/cryptonote-nodejs-pool/lib/charts.js:167:3

2020-07-21 20:57:38
TypeError: Cannot read property 'forEach' of null
    at storeCollectedValue (/home/pool/pools/cryptonote-nodejs-pool/lib/charts.js:102:9)
    at /home/pool/pools/cryptonote-nodejs-pool/lib/charts.js:138:4
    at fn (/home/pool/pools/cryptonote-nodejs-pool/node_modules/async/lib/async.js:746:34)
    at /home/pool/pools/cryptonote-nodejs-pool/node_modules/async/lib/async.js:1213:16
    at /home/pool/pools/cryptonote-nodejs-pool/node_modules/async/lib/async.js:166:37
    at /home/pool/pools/cryptonote-nodejs-pool/node_modules/async/lib/async.js:706:43
    at /home/pool/pools/cryptonote-nodejs-pool/node_modules/async/lib/async.js:167:37
    at /home/pool/pools/cryptonote-nodejs-pool/node_modules/async/lib/async.js:1209:30
    at /home/pool/pools/cryptonote-nodejs-pool/lib/charts.js:176:3
    at /home/pool/pools/cryptonote-nodejs-pool/lib/charts.js:167:3

2020-07-21 20:57:38
TypeError: Cannot read property 'forEach' of null
    at storeCollectedValue (/home/pool/pools/cryptonote-nodejs-pool/lib/charts.js:102:9)
    at /home/pool/pools/cryptonote-nodejs-pool/lib/charts.js:138:4
    at fn (/home/pool/pools/cryptonote-nodejs-pool/node_modules/async/lib/async.js:746:34)
    at /home/pool/pools/cryptonote-nodejs-pool/node_modules/async/lib/async.js:1213:16
    at /home/pool/pools/cryptonote-nodejs-pool/node_modules/async/lib/async.js:166:37
    at /home/pool/pools/cryptonote-nodejs-pool/node_modules/async/lib/async.js:706:43
    at /home/pool/pools/cryptonote-nodejs-pool/node_modules/async/lib/async.js:167:37
    at /home/pool/pools/cryptonote-nodejs-pool/node_modules/async/lib/async.js:1209:30
    at /home/pool/pools/cryptonote-nodejs-pool/lib/charts.js:194:3
    at /home/pool/pools/cryptonote-nodejs-pool/lib/charts.js:167:3

2020-07-21 20:57:38
TypeError: Cannot read property 'forEach' of null
    at storeCollectedValue (/home/pool/pools/cryptonote-nodejs-pool/lib/charts.js:102:9)
    at /home/pool/pools/cryptonote-nodejs-pool/lib/charts.js:138:4
    at fn (/home/pool/pools/cryptonote-nodejs-pool/node_modules/async/lib/async.js:746:34)
    at /home/pool/pools/cryptonote-nodejs-pool/node_modules/async/lib/async.js:1213:16
    at /home/pool/pools/cryptonote-nodejs-pool/node_modules/async/lib/async.js:166:37
    at /home/pool/pools/cryptonote-nodejs-pool/node_modules/async/lib/async.js:706:43
    at /home/pool/pools/cryptonote-nodejs-pool/node_modules/async/lib/async.js:167:37
    at /home/pool/pools/cryptonote-nodejs-pool/node_modules/async/lib/async.js:1209:30
    at /home/pool/pools/cryptonote-nodejs-pool/lib/charts.js:185:3
    at /home/pool/pools/cryptonote-nodejs-pool/lib/charts.js:167:3

2020-07-21 20:58:41
TypeError: Cannot read property 'forEach' of null
    at storeCollectedValue (/home/pool/pools/cryptonote-nodejs-pool/lib/charts.js:102:9)
    at /home/pool/pools/cryptonote-nodejs-pool/lib/charts.js:138:4
    at fn (/home/pool/pools/cryptonote-nodejs-pool/node_modules/async/lib/async.js:746:34)
    at /home/pool/pools/cryptonote-nodejs-pool/node_modules/async/lib/async.js:1213:16
    at /home/pool/pools/cryptonote-nodejs-pool/node_modules/async/lib/async.js:166:37
    at /home/pool/pools/cryptonote-nodejs-pool/node_modules/async/lib/async.js:706:43
    at /home/pool/pools/cryptonote-nodejs-pool/node_modules/async/lib/async.js:167:37
    at /home/pool/pools/cryptonote-nodejs-pool/node_modules/async/lib/async.js:1209:30
    at /home/pool/pools/cryptonote-nodejs-pool/lib/charts.js:176:3
    at /home/pool/pools/cryptonote-nodejs-pool/lib/charts.js:167:3

2020-07-21 20:58:41
TypeError: Cannot read property 'forEach' of null
    at storeCollectedValue (/home/pool/pools/cryptonote-nodejs-pool/lib/charts.js:102:9)
    at /home/pool/pools/cryptonote-nodejs-pool/lib/charts.js:138:4
    at fn (/home/pool/pools/cryptonote-nodejs-pool/node_modules/async/lib/async.js:746:34)
    at /home/pool/pools/cryptonote-nodejs-pool/node_modules/async/lib/async.js:1213:16
    at /home/pool/pools/cryptonote-nodejs-pool/node_modules/async/lib/async.js:166:37
    at /home/pool/pools/cryptonote-nodejs-pool/node_modules/async/lib/async.js:706:43
    at /home/pool/pools/cryptonote-nodejs-pool/node_modules/async/lib/async.js:167:37
    at /home/pool/pools/cryptonote-nodejs-pool/node_modules/async/lib/async.js:1209:30
    at /home/pool/pools/cryptonote-nodejs-pool/lib/charts.js:194:3
    at /home/pool/pools/cryptonote-nodejs-pool/lib/charts.js:167:3

2020-07-21 20:58:41
TypeError: Cannot read property 'forEach' of null
    at storeCollectedValue (/home/pool/pools/cryptonote-nodejs-pool/lib/charts.js:102:9)
    at /home/pool/pools/cryptonote-nodejs-pool/lib/charts.js:138:4
    at fn (/home/pool/pools/cryptonote-nodejs-pool/node_modules/async/lib/async.js:746:34)
    at /home/pool/pools/cryptonote-nodejs-pool/node_modules/async/lib/async.js:1213:16
    at /home/pool/pools/cryptonote-nodejs-pool/node_modules/async/lib/async.js:166:37
    at /home/pool/pools/cryptonote-nodejs-pool/node_modules/async/lib/async.js:706:43
    at /home/pool/pools/cryptonote-nodejs-pool/node_modules/async/lib/async.js:167:37
    at /home/pool/pools/cryptonote-nodejs-pool/node_modules/async/lib/async.js:1209:30
    at /home/pool/pools/cryptonote-nodejs-pool/lib/charts.js:185:3
    at /home/pool/pools/cryptonote-nodejs-pool/lib/charts.js:167:3

2020-07-21 20:59:45
TypeError: Cannot read property 'forEach' of null
    at storeCollectedValue (/home/pool/pools/cryptonote-nodejs-pool/lib/charts.js:102:9)
    at /home/pool/pools/cryptonote-nodejs-pool/lib/charts.js:138:4
    at fn (/home/pool/pools/cryptonote-nodejs-pool/node_modules/async/lib/async.js:746:34)
    at /home/pool/pools/cryptonote-nodejs-pool/node_modules/async/lib/async.js:1213:16
    at /home/pool/pools/cryptonote-nodejs-pool/node_modules/async/lib/async.js:166:37
    at /home/pool/pools/cryptonote-nodejs-pool/node_modules/async/lib/async.js:706:43
    at /home/pool/pools/cryptonote-nodejs-pool/node_modules/async/lib/async.js:167:37
    at /home/pool/pools/cryptonote-nodejs-pool/node_modules/async/lib/async.js:1209:30
    at /home/pool/pools/cryptonote-nodejs-pool/lib/charts.js:176:3
    at /home/pool/pools/cryptonote-nodejs-pool/lib/charts.js:167:3

2020-07-21 20:59:45
TypeError: Cannot read property 'forEach' of null
    at storeCollectedValue (/home/pool/pools/cryptonote-nodejs-pool/lib/charts.js:102:9)
    at /home/pool/pools/cryptonote-nodejs-pool/lib/charts.js:138:4
    at fn (/home/pool/pools/cryptonote-nodejs-pool/node_modules/async/lib/async.js:746:34)
    at /home/pool/pools/cryptonote-nodejs-pool/node_modules/async/lib/async.js:1213:16
    at /home/pool/pools/cryptonote-nodejs-pool/node_modules/async/lib/async.js:166:37
    at /home/pool/pools/cryptonote-nodejs-pool/node_modules/async/lib/async.js:706:43
    at /home/pool/pools/cryptonote-nodejs-pool/node_modules/async/lib/async.js:167:37
    at /home/pool/pools/cryptonote-nodejs-pool/node_modules/async/lib/async.js:1209:30
    at /home/pool/pools/cryptonote-nodejs-pool/lib/charts.js:194:3
    at /home/pool/pools/cryptonote-nodejs-pool/lib/charts.js:167:3

2020-07-21 20:59:45
TypeError: Cannot read property 'forEach' of null
    at storeCollectedValue (/home/pool/pools/cryptonote-nodejs-pool/lib/charts.js:102:9)
    at /home/pool/pools/cryptonote-nodejs-pool/lib/charts.js:138:4
    at fn (/home/pool/pools/cryptonote-nodejs-pool/node_modules/async/lib/async.js:746:34)
    at /home/pool/pools/cryptonote-nodejs-pool/node_modules/async/lib/async.js:1213:16
    at /home/pool/pools/cryptonote-nodejs-pool/node_modules/async/lib/async.js:166:37
    at /home/pool/pools/cryptonote-nodejs-pool/node_modules/async/lib/async.js:706:43
    at /home/pool/pools/cryptonote-nodejs-pool/node_modules/async/lib/async.js:167:37
    at /home/pool/pools/cryptonote-nodejs-pool/node_modules/async/lib/async.js:1209:30
    at /home/pool/pools/cryptonote-nodejs-pool/lib/charts.js:185:3
    at /home/pool/pools/cryptonote-nodejs-pool/lib/charts.js:167:3

