2020-07-21 15:54:31
Error: ENOENT: no such file or directory, stat 'logs/pool_warn.log'
    at Object.statSync (fs.js:871:3)
    at handleAdminLog (/home/pool/pools/cryptonote-nodejs-pool/lib/api.js:2003:24)
    at handleServerRequest (/home/pool/pools/cryptonote-nodejs-pool/lib/api.js:149:4)
    at Server.<anonymous> (/home/pool/pools/cryptonote-nodejs-pool/lib/api.js:2285:2)
    at Server.emit (events.js:193:13)
    at parserOnIncoming (_http_server.js:680:12)
    at HTTPParser.parserOnHeadersComplete (_http_common.js:113:17)

2020-07-21 22:21:55
Error: bind EADDRINUSE null:3333
    at listenOnMasterHandle (net.js:1326:16)
    at rr (internal/cluster/child.js:126:12)
    at Worker.send (internal/cluster/child.js:93:7)
    at process.onInternalMessage (internal/cluster/utils.js:43:8)
    at process.emit (events.js:198:15)
    at emit (internal/child_process.js:848:12)
    at processTicksAndRejections (internal/process/task_queues.js:81:17)

2020-07-21 22:21:55
Error: bind EADDRINUSE null:3333
    at listenOnMasterHandle (net.js:1326:16)
    at rr (internal/cluster/child.js:126:12)
    at Worker.send (internal/cluster/child.js:93:7)
    at process.onInternalMessage (internal/cluster/utils.js:43:8)
    at process.emit (events.js:198:15)
    at emit (internal/child_process.js:848:12)
    at processTicksAndRejections (internal/process/task_queues.js:81:17)

2020-07-21 22:21:55
Error: bind EADDRINUSE null:4444
    at listenOnMasterHandle (net.js:1326:16)
    at rr (internal/cluster/child.js:126:12)
    at Worker.send (internal/cluster/child.js:93:7)
    at process.onInternalMessage (internal/cluster/utils.js:43:8)
    at process.emit (events.js:198:15)
    at emit (internal/child_process.js:848:12)
    at processTicksAndRejections (internal/process/task_queues.js:81:17)

2020-07-21 22:21:55
Error: bind EADDRINUSE null:5555
    at listenOnMasterHandle (net.js:1326:16)
    at rr (internal/cluster/child.js:126:12)
    at Worker.send (internal/cluster/child.js:93:7)
    at process.onInternalMessage (internal/cluster/utils.js:43:8)
    at process.emit (events.js:198:15)
    at emit (internal/child_process.js:848:12)
    at processTicksAndRejections (internal/process/task_queues.js:81:17)
    at runNextTicks (internal/process/task_queues.js:56:3)
    at processImmediate (internal/timers.js:416:9)

2020-07-21 22:21:55
Error: bind EADDRINUSE null:6666
    at listenOnMasterHandle (net.js:1326:16)
    at rr (internal/cluster/child.js:126:12)
    at Worker.send (internal/cluster/child.js:93:7)
    at process.onInternalMessage (internal/cluster/utils.js:43:8)
    at process.emit (events.js:198:15)
    at emit (internal/child_process.js:848:12)
    at processTicksAndRejections (internal/process/task_queues.js:81:17)
    at runNextTicks (internal/process/task_queues.js:56:3)
    at processImmediate (internal/timers.js:416:9)

2020-07-21 22:21:55
Error: bind EADDRINUSE null:3333
    at listenOnMasterHandle (net.js:1326:16)
    at rr (internal/cluster/child.js:126:12)
    at Worker.send (internal/cluster/child.js:93:7)
    at process.onInternalMessage (internal/cluster/utils.js:43:8)
    at process.emit (events.js:198:15)
    at emit (internal/child_process.js:848:12)
    at processTicksAndRejections (internal/process/task_queues.js:81:17)

2020-07-21 22:21:55
Error: bind EADDRINUSE null:4444
    at listenOnMasterHandle (net.js:1326:16)
    at rr (internal/cluster/child.js:126:12)
    at Worker.send (internal/cluster/child.js:93:7)
    at process.onInternalMessage (internal/cluster/utils.js:43:8)
    at process.emit (events.js:198:15)
    at emit (internal/child_process.js:848:12)
    at processTicksAndRejections (internal/process/task_queues.js:81:17)

2020-07-21 22:21:55
Error: bind EADDRINUSE null:4444
    at listenOnMasterHandle (net.js:1326:16)
    at rr (internal/cluster/child.js:126:12)
    at Worker.send (internal/cluster/child.js:93:7)
    at process.onInternalMessage (internal/cluster/utils.js:43:8)
    at process.emit (events.js:198:15)
    at emit (internal/child_process.js:848:12)
    at processTicksAndRejections (internal/process/task_queues.js:81:17)

2020-07-21 22:21:55
Error: bind EADDRINUSE null:5555
    at listenOnMasterHandle (net.js:1326:16)
    at rr (internal/cluster/child.js:126:12)
    at Worker.send (internal/cluster/child.js:93:7)
    at process.onInternalMessage (internal/cluster/utils.js:43:8)
    at process.emit (events.js:198:15)
    at emit (internal/child_process.js:848:12)
    at processTicksAndRejections (internal/process/task_queues.js:81:17)

2020-07-21 22:21:55
Error: bind EADDRINUSE null:5555
    at listenOnMasterHandle (net.js:1326:16)
    at rr (internal/cluster/child.js:126:12)
    at Worker.send (internal/cluster/child.js:93:7)
    at process.onInternalMessage (internal/cluster/utils.js:43:8)
    at process.emit (events.js:198:15)
    at emit (internal/child_process.js:848:12)
    at processTicksAndRejections (internal/process/task_queues.js:81:17)

2020-07-21 22:21:55
Error: bind EADDRINUSE null:6666
    at listenOnMasterHandle (net.js:1326:16)
    at rr (internal/cluster/child.js:126:12)
    at Worker.send (internal/cluster/child.js:93:7)
    at process.onInternalMessage (internal/cluster/utils.js:43:8)
    at process.emit (events.js:198:15)
    at emit (internal/child_process.js:848:12)
    at processTicksAndRejections (internal/process/task_queues.js:81:17)

2020-07-21 22:21:55
Error: bind EADDRINUSE null:6666
    at listenOnMasterHandle (net.js:1326:16)
    at rr (internal/cluster/child.js:126:12)
    at Worker.send (internal/cluster/child.js:93:7)
    at process.onInternalMessage (internal/cluster/utils.js:43:8)
    at process.emit (events.js:198:15)
    at emit (internal/child_process.js:848:12)
    at processTicksAndRejections (internal/process/task_queues.js:81:17)

2020-07-22 08:18:16
Error: bind EADDRINUSE null:3333
    at listenOnMasterHandle (net.js:1326:16)
    at rr (internal/cluster/child.js:126:12)
    at Worker.send (internal/cluster/child.js:93:7)
    at process.onInternalMessage (internal/cluster/utils.js:43:8)
    at process.emit (events.js:198:15)
    at emit (internal/child_process.js:848:12)
    at processTicksAndRejections (internal/process/task_queues.js:81:17)

2020-07-22 08:18:16
Error: bind EADDRINUSE null:4444
    at listenOnMasterHandle (net.js:1326:16)
    at rr (internal/cluster/child.js:126:12)
    at Worker.send (internal/cluster/child.js:93:7)
    at process.onInternalMessage (internal/cluster/utils.js:43:8)
    at process.emit (events.js:198:15)
    at emit (internal/child_process.js:848:12)
    at processTicksAndRejections (internal/process/task_queues.js:81:17)

2020-07-22 08:18:16
Error: bind EADDRINUSE null:5555
    at listenOnMasterHandle (net.js:1326:16)
    at rr (internal/cluster/child.js:126:12)
    at Worker.send (internal/cluster/child.js:93:7)
    at process.onInternalMessage (internal/cluster/utils.js:43:8)
    at process.emit (events.js:198:15)
    at emit (internal/child_process.js:848:12)
    at processTicksAndRejections (internal/process/task_queues.js:81:17)

2020-07-22 08:18:16
Error: bind EADDRINUSE null:6666
    at listenOnMasterHandle (net.js:1326:16)
    at rr (internal/cluster/child.js:126:12)
    at Worker.send (internal/cluster/child.js:93:7)
    at process.onInternalMessage (internal/cluster/utils.js:43:8)
    at process.emit (events.js:198:15)
    at emit (internal/child_process.js:848:12)
    at processTicksAndRejections (internal/process/task_queues.js:81:17)

