2020-07-21 15:54:30 Started
2020-07-21 15:54:30 Payments splintered and 0 successfully sent, 1 failed
2020-07-21 15:55:37 Started
2020-07-21 15:55:37 Payments splintered and 0 successfully sent, 1 failed
2020-07-21 15:57:38 Payments splintered and 0 successfully sent, 1 failed
2020-07-21 16:21:55 Started
2020-07-21 16:21:56 Payments splintered and 0 successfully sent, 1 failed
2020-07-21 16:23:56 Payments splintered and 0 successfully sent, 1 failed
2020-07-21 16:25:56 Payments splintered and 0 successfully sent, 1 failed
2020-07-21 16:27:56 Payments splintered and 0 successfully sent, 1 failed
2020-07-21 16:29:56 Payments splintered and 0 successfully sent, 1 failed
2020-07-21 16:31:56 Payments splintered and 0 successfully sent, 1 failed
2020-07-21 16:33:56 Payments splintered and 0 successfully sent, 1 failed
2020-07-21 16:35:56 Payments splintered and 0 successfully sent, 1 failed
2020-07-21 16:37:56 Payments splintered and 0 successfully sent, 1 failed
2020-07-21 16:40:11 Started
2020-07-21 16:40:11 Payments splintered and 0 successfully sent, 1 failed
2020-07-21 16:51:57 Started
2020-07-21 16:54:34 Payments splintered and 0 successfully sent, 1 failed
2020-07-21 16:56:53 Payments splintered and 0 successfully sent, 1 failed
2020-07-21 16:59:11 Payments splintered and 0 successfully sent, 1 failed
2020-07-21 17:00:14 Started
2020-07-21 17:00:32 Payments splintered and 0 successfully sent, 1 failed
2020-07-21 17:02:52 Payments splintered and 0 successfully sent, 1 failed
2020-07-21 17:05:10 Payments splintered and 0 successfully sent, 1 failed
2020-07-21 17:07:28 Payments splintered and 0 successfully sent, 1 failed
2020-07-21 17:09:28 Payments splintered and 0 successfully sent, 1 failed
2020-07-21 17:11:28 Payments splintered and 0 successfully sent, 1 failed
2020-07-21 17:13:28 Payments splintered and 0 successfully sent, 1 failed
2020-07-21 17:15:28 Payments splintered and 0 successfully sent, 1 failed
2020-07-21 17:17:28 Payments splintered and 0 successfully sent, 1 failed
2020-07-21 17:19:28 Payments splintered and 0 successfully sent, 1 failed
2020-07-21 17:21:28 Payments splintered and 0 successfully sent, 1 failed
2020-07-21 17:23:28 Payments splintered and 0 successfully sent, 1 failed
2020-07-21 17:25:28 Payments splintered and 0 successfully sent, 1 failed
2020-07-21 17:27:28 Payments splintered and 0 successfully sent, 1 failed
2020-07-21 17:29:28 Payments splintered and 0 successfully sent, 1 failed
2020-07-21 17:31:28 Payments splintered and 0 successfully sent, 1 failed
2020-07-21 17:33:28 Payments splintered and 0 successfully sent, 1 failed
2020-07-21 17:35:28 Payments splintered and 0 successfully sent, 1 failed
2020-07-21 17:37:28 Payments splintered and 0 successfully sent, 1 failed
2020-07-21 17:39:28 Payments splintered and 0 successfully sent, 1 failed
2020-07-21 17:41:28 Payments splintered and 0 successfully sent, 1 failed
2020-07-21 17:43:28 Payments splintered and 0 successfully sent, 1 failed
2020-07-21 17:45:28 Payments splintered and 0 successfully sent, 1 failed
2020-07-21 17:47:28 Payments splintered and 0 successfully sent, 1 failed
2020-07-21 17:49:28 Payments splintered and 0 successfully sent, 1 failed
2020-07-21 17:51:28 Payments splintered and 0 successfully sent, 1 failed
2020-07-21 17:53:28 Payments splintered and 0 successfully sent, 1 failed
2020-07-21 17:55:28 Payments splintered and 0 successfully sent, 1 failed
2020-07-21 17:57:28 Payments splintered and 0 successfully sent, 1 failed
2020-07-21 17:59:28 Payments splintered and 0 successfully sent, 1 failed
2020-07-21 18:01:28 Payments splintered and 0 successfully sent, 1 failed
2020-07-21 18:03:28 Payments splintered and 0 successfully sent, 1 failed
2020-07-21 18:05:28 Payments splintered and 0 successfully sent, 1 failed
2020-07-21 18:07:28 Payments splintered and 0 successfully sent, 1 failed
2020-07-21 18:09:28 Payments splintered and 0 successfully sent, 1 failed
2020-07-21 18:11:28 Payments splintered and 0 successfully sent, 1 failed
2020-07-21 18:13:28 Payments splintered and 0 successfully sent, 1 failed
2020-07-21 18:15:28 Payments splintered and 0 successfully sent, 1 failed
2020-07-21 18:17:28 Payments splintered and 0 successfully sent, 1 failed
2020-07-21 18:19:28 Payments splintered and 0 successfully sent, 1 failed
2020-07-21 18:21:28 Payments splintered and 0 successfully sent, 1 failed
2020-07-21 18:23:28 Payments splintered and 0 successfully sent, 1 failed
2020-07-21 18:25:28 Payments splintered and 0 successfully sent, 1 failed
2020-07-21 18:27:28 Payments splintered and 0 successfully sent, 1 failed
2020-07-21 18:29:28 Payments splintered and 0 successfully sent, 1 failed
2020-07-21 18:31:28 Payments splintered and 0 successfully sent, 1 failed
2020-07-21 18:33:28 Payments splintered and 0 successfully sent, 1 failed
2020-07-21 18:35:30 Payments splintered and 0 successfully sent, 1 failed
2020-07-21 18:37:28 Payments splintered and 0 successfully sent, 1 failed
2020-07-21 18:39:28 Payments splintered and 0 successfully sent, 1 failed
2020-07-21 18:41:28 Payments splintered and 0 successfully sent, 1 failed
2020-07-21 18:43:28 Payments splintered and 0 successfully sent, 1 failed
2020-07-21 18:45:28 Payments splintered and 0 successfully sent, 1 failed
2020-07-21 18:47:28 Payments splintered and 0 successfully sent, 1 failed
2020-07-21 18:49:28 Payments splintered and 0 successfully sent, 1 failed
2020-07-21 18:51:28 Payments splintered and 0 successfully sent, 1 failed
2020-07-21 18:53:28 Payments splintered and 0 successfully sent, 1 failed
2020-07-21 18:55:28 Payments splintered and 0 successfully sent, 1 failed
2020-07-21 18:57:28 Payments splintered and 0 successfully sent, 1 failed
2020-07-21 18:59:28 Payments splintered and 0 successfully sent, 1 failed
2020-07-21 19:01:28 Payments splintered and 0 successfully sent, 1 failed
2020-07-21 19:03:28 Payments splintered and 0 successfully sent, 1 failed
2020-07-21 19:05:28 Payments splintered and 0 successfully sent, 1 failed
2020-07-21 19:07:28 Payments splintered and 0 successfully sent, 1 failed
2020-07-21 19:09:28 Payments splintered and 0 successfully sent, 1 failed
2020-07-21 19:11:28 Payments splintered and 0 successfully sent, 1 failed
2020-07-21 19:13:28 Payments splintered and 0 successfully sent, 1 failed
2020-07-21 19:15:28 Payments splintered and 0 successfully sent, 1 failed
2020-07-21 19:17:28 Payments splintered and 0 successfully sent, 1 failed
2020-07-21 19:19:28 Payments splintered and 0 successfully sent, 1 failed
2020-07-21 19:21:28 Payments splintered and 0 successfully sent, 1 failed
2020-07-21 19:23:28 Payments splintered and 0 successfully sent, 1 failed
2020-07-21 19:25:28 Payments splintered and 0 successfully sent, 1 failed
2020-07-21 19:27:28 Payments splintered and 0 successfully sent, 1 failed
2020-07-21 19:29:28 Payments splintered and 0 successfully sent, 1 failed
2020-07-21 19:31:28 Payments splintered and 0 successfully sent, 1 failed
2020-07-21 19:33:28 Payments splintered and 0 successfully sent, 1 failed
2020-07-21 19:35:28 Payments splintered and 0 successfully sent, 1 failed
2020-07-21 19:37:28 Payments splintered and 0 successfully sent, 1 failed
2020-07-21 19:39:28 Payments splintered and 0 successfully sent, 1 failed
2020-07-21 19:41:28 Payments splintered and 0 successfully sent, 1 failed
2020-07-21 19:43:28 Payments splintered and 0 successfully sent, 1 failed
2020-07-21 19:45:28 Payments splintered and 0 successfully sent, 1 failed
2020-07-21 19:47:28 Payments splintered and 0 successfully sent, 1 failed
2020-07-21 19:49:28 Payments splintered and 0 successfully sent, 1 failed
2020-07-21 19:51:28 Payments splintered and 0 successfully sent, 1 failed
2020-07-21 20:52:50 Started
2020-07-21 20:52:51 No workers' balances reached the minimum payment threshold
2020-07-21 20:54:51 No workers' balances reached the minimum payment threshold
2020-07-21 20:56:51 No workers' balances reached the minimum payment threshold
2020-07-21 20:58:51 No workers' balances reached the minimum payment threshold
2020-07-21 21:00:51 No workers' balances reached the minimum payment threshold
2020-07-21 21:02:51 No workers' balances reached the minimum payment threshold
2020-07-21 21:04:51 No workers' balances reached the minimum payment threshold
2020-07-21 21:06:51 No workers' balances reached the minimum payment threshold
2020-07-21 21:08:51 No workers' balances reached the minimum payment threshold
2020-07-21 21:10:51 No workers' balances reached the minimum payment threshold
2020-07-21 21:12:51 No workers' balances reached the minimum payment threshold
2020-07-21 21:14:51 No workers' balances reached the minimum payment threshold
2020-07-21 21:16:51 No workers' balances reached the minimum payment threshold
2020-07-21 21:18:51 No workers' balances reached the minimum payment threshold
2020-07-21 21:20:51 No workers' balances reached the minimum payment threshold
2020-07-21 21:22:51 No workers' balances reached the minimum payment threshold
2020-07-21 21:24:51 No workers' balances reached the minimum payment threshold
2020-07-21 21:26:51 No workers' balances reached the minimum payment threshold
2020-07-21 21:28:51 No workers' balances reached the minimum payment threshold
2020-07-21 21:30:51 No workers' balances reached the minimum payment threshold
2020-07-21 21:32:51 No workers' balances reached the minimum payment threshold
2020-07-21 21:34:51 No workers' balances reached the minimum payment threshold
2020-07-21 21:36:51 No workers' balances reached the minimum payment threshold
2020-07-21 21:38:51 No workers' balances reached the minimum payment threshold
2020-07-21 21:40:51 No workers' balances reached the minimum payment threshold
2020-07-21 21:42:51 No workers' balances reached the minimum payment threshold
2020-07-21 21:44:51 No workers' balances reached the minimum payment threshold
2020-07-21 21:46:51 No workers' balances reached the minimum payment threshold
2020-07-21 21:48:51 No workers' balances reached the minimum payment threshold
2020-07-21 21:50:51 No workers' balances reached the minimum payment threshold
2020-07-21 21:52:51 No workers' balances reached the minimum payment threshold
2020-07-21 21:54:52 No workers' balances reached the minimum payment threshold
2020-07-21 21:56:52 No workers' balances reached the minimum payment threshold
2020-07-21 21:58:52 No workers' balances reached the minimum payment threshold
2020-07-21 22:00:52 No workers' balances reached the minimum payment threshold
2020-07-21 22:02:52 No workers' balances reached the minimum payment threshold
2020-07-21 22:04:52 No workers' balances reached the minimum payment threshold
2020-07-21 22:06:52 No workers' balances reached the minimum payment threshold
2020-07-21 22:08:52 No workers' balances reached the minimum payment threshold
2020-07-21 22:10:52 No workers' balances reached the minimum payment threshold
2020-07-21 22:12:52 No workers' balances reached the minimum payment threshold
2020-07-21 22:14:52 Payments splintered and 0 successfully sent, 1 failed
2020-07-21 22:16:52 Payments splintered and 0 successfully sent, 1 failed
2020-07-21 22:18:52 Payments splintered and 0 successfully sent, 1 failed
2020-07-21 22:21:54 Started
2020-07-21 22:21:55 Payments splintered and 0 successfully sent, 1 failed
2020-07-21 22:22:31 Started
2020-07-21 22:22:31 Payments splintered and 0 successfully sent, 1 failed
2020-07-21 22:24:31 Payments splintered and 0 successfully sent, 1 failed
2020-07-21 22:25:22 Started
2020-07-21 22:25:22 Payments splintered and 0 successfully sent, 1 failed
2020-07-21 22:27:22 Payments splintered and 0 successfully sent, 1 failed
2020-07-21 22:29:22 Payments splintered and 0 successfully sent, 1 failed
2020-07-21 22:31:22 Payments splintered and 0 successfully sent, 1 failed
2020-07-21 22:33:23 Payments splintered and 0 successfully sent, 1 failed
2020-07-21 22:35:23 Payments splintered and 0 successfully sent, 1 failed
2020-07-21 22:37:23 Payments splintered and 0 successfully sent, 1 failed
2020-07-21 22:39:23 Payments splintered and 0 successfully sent, 1 failed
2020-07-21 22:41:23 Payments splintered and 0 successfully sent, 1 failed
2020-07-21 22:43:23 Payments splintered and 0 successfully sent, 1 failed
2020-07-21 22:45:23 Payments splintered and 0 successfully sent, 1 failed
2020-07-21 22:47:23 Payments splintered and 0 successfully sent, 1 failed
2020-07-21 22:49:23 Payments splintered and 0 successfully sent, 1 failed
2020-07-21 22:51:23 Payments splintered and 0 successfully sent, 1 failed
2020-07-21 22:52:51 Started
2020-07-21 22:52:51 Payments splintered and 0 successfully sent, 1 failed
2020-07-21 22:54:51 Payments splintered and 0 successfully sent, 1 failed
2020-07-21 22:56:51 Payments splintered and 0 successfully sent, 1 failed
2020-07-21 22:58:51 Payments splintered and 0 successfully sent, 1 failed
2020-07-21 23:00:51 Payments splintered and 0 successfully sent, 1 failed
2020-07-21 23:02:51 Payments splintered and 0 successfully sent, 1 failed
2020-07-21 23:04:51 Payments splintered and 0 successfully sent, 1 failed
2020-07-21 23:11:30 Started
2020-07-21 23:11:30 No workers' balances reached the minimum payment threshold
2020-07-21 23:13:30 No workers' balances reached the minimum payment threshold
2020-07-21 23:15:30 No workers' balances reached the minimum payment threshold
2020-07-21 23:17:30 No workers' balances reached the minimum payment threshold
2020-07-21 23:19:30 No workers' balances reached the minimum payment threshold
2020-07-21 23:21:30 No workers' balances reached the minimum payment threshold
2020-07-21 23:23:30 No workers' balances reached the minimum payment threshold
2020-07-21 23:25:30 No workers' balances reached the minimum payment threshold
2020-07-21 23:27:30 No workers' balances reached the minimum payment threshold
2020-07-21 23:29:29 Started
2020-07-21 23:29:29 No workers' balances reached the minimum payment threshold
2020-07-21 23:31:29 No workers' balances reached the minimum payment threshold
2020-07-21 23:33:29 No workers' balances reached the minimum payment threshold
2020-07-21 23:35:29 No workers' balances reached the minimum payment threshold
2020-07-21 23:37:29 No workers' balances reached the minimum payment threshold
2020-07-21 23:39:29 No workers' balances reached the minimum payment threshold
2020-07-21 23:41:29 No workers' balances reached the minimum payment threshold
2020-07-21 23:43:29 No workers' balances reached the minimum payment threshold
2020-07-21 23:45:29 No workers' balances reached the minimum payment threshold
2020-07-21 23:47:29 No workers' balances reached the minimum payment threshold
2020-07-21 23:49:29 No workers' balances reached the minimum payment threshold
2020-07-21 23:51:29 No workers' balances reached the minimum payment threshold
2020-07-21 23:53:29 No workers' balances reached the minimum payment threshold
2020-07-21 23:55:29 No workers' balances reached the minimum payment threshold
2020-07-21 23:57:29 No workers' balances reached the minimum payment threshold
2020-07-21 23:59:29 No workers' balances reached the minimum payment threshold
2020-07-22 00:01:29 No workers' balances reached the minimum payment threshold
2020-07-22 00:03:29 No workers' balances reached the minimum payment threshold
2020-07-22 00:05:29 No workers' balances reached the minimum payment threshold
2020-07-22 00:07:29 No workers' balances reached the minimum payment threshold
2020-07-22 00:09:29 No workers' balances reached the minimum payment threshold
2020-07-22 00:11:29 No workers' balances reached the minimum payment threshold
2020-07-22 00:13:29 No workers' balances reached the minimum payment threshold
2020-07-22 00:15:29 No workers' balances reached the minimum payment threshold
2020-07-22 00:17:29 No workers' balances reached the minimum payment threshold
2020-07-22 00:19:29 No workers' balances reached the minimum payment threshold
2020-07-22 00:21:29 No workers' balances reached the minimum payment threshold
2020-07-22 00:23:29 No workers' balances reached the minimum payment threshold
2020-07-22 00:25:29 No workers' balances reached the minimum payment threshold
2020-07-22 00:27:29 No workers' balances reached the minimum payment threshold
2020-07-22 00:29:29 No workers' balances reached the minimum payment threshold
2020-07-22 00:31:29 No workers' balances reached the minimum payment threshold
2020-07-22 00:33:29 No workers' balances reached the minimum payment threshold
2020-07-22 00:35:29 No workers' balances reached the minimum payment threshold
2020-07-22 00:37:29 No workers' balances reached the minimum payment threshold
2020-07-22 00:39:29 No workers' balances reached the minimum payment threshold
2020-07-22 00:41:29 No workers' balances reached the minimum payment threshold
2020-07-22 00:43:32 No workers' balances reached the minimum payment threshold
2020-07-22 00:45:29 No workers' balances reached the minimum payment threshold
2020-07-22 00:47:30 No workers' balances reached the minimum payment threshold
2020-07-22 00:49:30 No workers' balances reached the minimum payment threshold
2020-07-22 00:51:30 No workers' balances reached the minimum payment threshold
2020-07-22 08:15:41 Started
2020-07-22 08:15:41 No workers' balances reached the minimum payment threshold
2020-07-22 08:18:26 Started
2020-07-22 08:18:28 No workers' balances reached the minimum payment threshold
2020-07-22 08:20:28 No workers' balances reached the minimum payment threshold
2020-07-22 08:22:28 No workers' balances reached the minimum payment threshold
2020-07-22 08:24:28 No workers' balances reached the minimum payment threshold
2020-07-22 08:26:28 No workers' balances reached the minimum payment threshold
2020-07-22 08:28:28 No workers' balances reached the minimum payment threshold
2020-07-22 08:30:28 No workers' balances reached the minimum payment threshold
2020-07-22 08:31:55 Started
2020-07-22 08:31:55 No workers' balances reached the minimum payment threshold
2020-07-22 08:33:55 No workers' balances reached the minimum payment threshold
2020-07-22 08:35:55 No workers' balances reached the minimum payment threshold
2020-07-22 08:37:55 No workers' balances reached the minimum payment threshold
2020-07-22 08:39:55 No workers' balances reached the minimum payment threshold
2020-07-22 08:41:55 No workers' balances reached the minimum payment threshold
2020-07-22 08:43:55 No workers' balances reached the minimum payment threshold
2020-07-22 08:45:55 No workers' balances reached the minimum payment threshold
2020-07-22 08:47:55 No workers' balances reached the minimum payment threshold
2020-07-22 08:49:55 No workers' balances reached the minimum payment threshold
2020-07-22 08:51:55 No workers' balances reached the minimum payment threshold
2020-07-22 14:49:23 Started
2020-07-22 14:49:24 No workers' balances reached the minimum payment threshold
2020-07-22 14:53:46 Started
2020-07-22 14:53:47 No workers' balances reached the minimum payment threshold
2020-07-22 14:55:47 No workers' balances reached the minimum payment threshold
2020-07-22 14:57:47 No workers' balances reached the minimum payment threshold
2020-07-22 14:59:47 No workers' balances reached the minimum payment threshold
2020-07-22 15:01:47 No workers' balances reached the minimum payment threshold
2020-07-22 15:03:47 No workers' balances reached the minimum payment threshold
2020-07-22 15:05:47 No workers' balances reached the minimum payment threshold
2020-07-22 15:07:47 No workers' balances reached the minimum payment threshold
2020-07-22 15:09:47 No workers' balances reached the minimum payment threshold
2020-07-22 15:11:47 No workers' balances reached the minimum payment threshold
2020-07-22 15:13:47 No workers' balances reached the minimum payment threshold
2020-07-22 15:15:47 No workers' balances reached the minimum payment threshold
2020-07-22 15:17:47 No workers' balances reached the minimum payment threshold
2020-07-22 15:19:47 No workers' balances reached the minimum payment threshold
2020-07-22 15:21:47 No workers' balances reached the minimum payment threshold
2020-07-22 15:23:47 No workers' balances reached the minimum payment threshold
2020-07-22 15:25:47 No workers' balances reached the minimum payment threshold
2020-07-22 15:27:47 No workers' balances reached the minimum payment threshold
2020-07-22 15:34:19 Started
2020-07-22 15:34:19 No workers' balances reached the minimum payment threshold
2020-07-22 15:36:19 No workers' balances reached the minimum payment threshold
2020-07-22 15:38:19 No workers' balances reached the minimum payment threshold
2020-07-22 15:40:19 No workers' balances reached the minimum payment threshold
2020-07-22 15:42:19 No workers' balances reached the minimum payment threshold
2020-07-22 15:44:19 No workers' balances reached the minimum payment threshold
2020-07-22 15:46:19 No workers' balances reached the minimum payment threshold
2020-07-22 15:48:20 No workers' balances reached the minimum payment threshold
2020-07-22 15:50:20 No workers' balances reached the minimum payment threshold
2020-07-22 15:52:20 No workers' balances reached the minimum payment threshold
2020-07-22 15:54:20 No workers' balances reached the minimum payment threshold
2020-07-22 15:56:20 No workers' balances reached the minimum payment threshold
2020-07-22 15:58:21 No workers' balances reached the minimum payment threshold
2020-07-22 16:00:21 No workers' balances reached the minimum payment threshold
2020-07-22 16:02:21 No workers' balances reached the minimum payment threshold
2020-07-22 16:04:21 No workers' balances reached the minimum payment threshold
2020-07-22 16:07:13 Payments sent via wallet daemon {"transactionHash":"d1d6ba397189ea1bec50888dec5ee3caac54f075a81843d7f636ab6d90b003ff"}
2020-07-22 16:07:13 Payment of 268.990000 BTN to ECVVceHwZQaNg7BNuAjJXhbQFJnLcmxyxJ7CXNBnb2M5YUsVMKaAD8ceNHiGSqdS7hJWKLEC38kFeWU6F5dVpLm2QPcLWdj
2020-07-22 16:07:13 Payments splintered and 1 successfully sent, 0 failed
2020-07-22 16:10:19 Payments sent via wallet daemon {"transactionHash":"f44406f304145359293bac5ec23977dbc6138722908da4c4419da629eed7112d"}
2020-07-22 16:10:19 Payment of 541.990000 BTN to E6p2dx2UdewWDHpWARy2wMgmwXBbu3Fr886t4y4JcJAMb7qeWE7QSvWhZjf28GwmffQqx51VfXw2JiWKyRTUwsE8TbCZ1Uv
2020-07-22 16:10:19 Payments splintered and 1 successfully sent, 0 failed
2020-07-22 16:13:04 Payments sent via wallet daemon {"transactionHash":"cb375d2a90039366e0602d58b6327526acef9bbe26b2818b70c5a92311144c25"}
2020-07-22 16:13:04 Payment of 539.990000 BTN to E6p2dx2UdewWDHpWARy2wMgmwXBbu3Fr886t4y4JcJAMb7qeWE7QSvWhZjf28GwmffQqx51VfXw2JiWKyRTUwsE8TbCZ1Uv
2020-07-22 16:13:04 Payments splintered and 1 successfully sent, 0 failed
2020-07-22 16:15:50 Payments sent via wallet daemon {"transactionHash":"ee419e1e202ea2bbb0c9184244dc3809d9f4162d523fe64fb7fb2dad6ef56dca"}
2020-07-22 16:15:50 Payment of 540.990000 BTN to E6p2dx2UdewWDHpWARy2wMgmwXBbu3Fr886t4y4JcJAMb7qeWE7QSvWhZjf28GwmffQqx51VfXw2JiWKyRTUwsE8TbCZ1Uv
2020-07-22 16:15:50 Payments splintered and 1 successfully sent, 0 failed
2020-07-22 16:17:50 No workers' balances reached the minimum payment threshold
2020-07-22 16:20:33 Payments sent via wallet daemon {"transactionHash":"25588fbe771e7e36603cacbf0891f448c6ebc9af7808c6159213a6948cc663c1"}
2020-07-22 16:20:33 Payment of 1351.990000 BTN to E6p2dx2UdewWDHpWARy2wMgmwXBbu3Fr886t4y4JcJAMb7qeWE7QSvWhZjf28GwmffQqx51VfXw2JiWKyRTUwsE8TbCZ1Uv
2020-07-22 16:20:33 Payments splintered and 1 successfully sent, 0 failed
2020-07-22 16:22:51 Started
2020-07-22 16:22:56 Payments sent via wallet daemon {"transactionHash":"5438d12d03a34d83e57ae0d4048381a1a71b228382b1f5169e66810a0d8f34d8"}
2020-07-22 16:22:56 Payment of 4864.990000 BTN to E6p2dx2UdewWDHpWARy2wMgmwXBbu3Fr886t4y4JcJAMb7qeWE7QSvWhZjf28GwmffQqx51VfXw2JiWKyRTUwsE8TbCZ1Uv
2020-07-22 16:22:56 Payments splintered and 1 successfully sent, 0 failed
2020-07-22 16:24:25 Started
2020-07-22 16:24:25 No workers' balances reached the minimum payment threshold
2020-07-22 16:26:26 Payments sent via wallet daemon {"transactionHash":"964ec0a7798181622f174fac3e6cd871c8fe64c3a83d6b541df54804c00ad847"}
2020-07-22 16:26:26 Payment of 269.990000 BTN to E6p2dx2UdewWDHpWARy2wMgmwXBbu3Fr886t4y4JcJAMb7qeWE7QSvWhZjf28GwmffQqx51VfXw2JiWKyRTUwsE8TbCZ1Uv
2020-07-22 16:26:26 Payments splintered and 1 successfully sent, 0 failed
2020-07-22 16:28:32 Payments sent via wallet daemon {"transactionHash":"b7928f556a62c4105b61a2b9c95b243be36f7b374a0fa0002744a8026cb44471"}
2020-07-22 16:28:32 Payment of 2432.990000 BTN to E6p2dx2UdewWDHpWARy2wMgmwXBbu3Fr886t4y4JcJAMb7qeWE7QSvWhZjf28GwmffQqx51VfXw2JiWKyRTUwsE8TbCZ1Uv
2020-07-22 16:28:32 Payments splintered and 1 successfully sent, 0 failed
2020-07-22 16:30:34 Payments sent via wallet daemon {"transactionHash":"a0eba370870ceba64dba09f692e4f32a7d9ecf64643572dded506eb25c50b4eb"}
2020-07-22 16:30:34 Payment of 378.990000 BTN to E6p2dx2UdewWDHpWARy2wMgmwXBbu3Fr886t4y4JcJAMb7qeWE7QSvWhZjf28GwmffQqx51VfXw2JiWKyRTUwsE8TbCZ1Uv
2020-07-22 16:30:34 Payments splintered and 1 successfully sent, 0 failed
2020-07-22 16:32:36 Payments sent via wallet daemon {"transactionHash":"e1228f2170e91e7174542dbe7c762404526542ffc69b209efe35f062249945c7"}
2020-07-22 16:32:36 Payment of 269.990000 BTN to E6p2dx2UdewWDHpWARy2wMgmwXBbu3Fr886t4y4JcJAMb7qeWE7QSvWhZjf28GwmffQqx51VfXw2JiWKyRTUwsE8TbCZ1Uv
2020-07-22 16:32:36 Payments splintered and 1 successfully sent, 0 failed
2020-07-22 16:34:36 No workers' balances reached the minimum payment threshold
2020-07-22 16:36:39 Payments sent via wallet daemon {"transactionHash":"f7e4ca586ef02648e7792646667c40d429e3752ba6c5bb930d91607c6deb81a4"}
2020-07-22 16:36:39 Payment of 810.990000 BTN to E6p2dx2UdewWDHpWARy2wMgmwXBbu3Fr886t4y4JcJAMb7qeWE7QSvWhZjf28GwmffQqx51VfXw2JiWKyRTUwsE8TbCZ1Uv
2020-07-22 16:36:39 Payments splintered and 1 successfully sent, 0 failed
2020-07-22 16:39:57 Started
2020-07-22 16:39:57 No workers' balances reached the minimum payment threshold
2020-07-22 16:41:57 No workers' balances reached the minimum payment threshold
2020-07-22 16:43:57 No workers' balances reached the minimum payment threshold
2020-07-22 16:45:57 No workers' balances reached the minimum payment threshold
2020-07-22 16:47:57 No workers' balances reached the minimum payment threshold
2020-07-22 16:50:00 Payments sent via wallet daemon {"transactionHash":"9ed34fa7545e4a1bbfbf9af53043d65f72f9d700940159f20b60ce10010de9b2"}
2020-07-22 16:50:00 Payment of 810.990000 BTN to E6p2dx2UdewWDHpWARy2wMgmwXBbu3Fr886t4y4JcJAMb7qeWE7QSvWhZjf28GwmffQqx51VfXw2JiWKyRTUwsE8TbCZ1Uv
2020-07-22 16:50:00 Payments splintered and 1 successfully sent, 0 failed
2020-07-22 16:52:03 Payments sent via wallet daemon {"transactionHash":"2e8111d4fed3e14eacd762d67761f1fb8f4c7e26847cca8f6d72b105f56c6a17"}
2020-07-22 16:52:03 Payment of 674.990000 BTN to E6p2dx2UdewWDHpWARy2wMgmwXBbu3Fr886t4y4JcJAMb7qeWE7QSvWhZjf28GwmffQqx51VfXw2JiWKyRTUwsE8TbCZ1Uv
2020-07-22 16:52:03 Payments splintered and 1 successfully sent, 0 failed
2020-07-22 16:54:06 Payments sent via wallet daemon {"transactionHash":"dd4fb871b7065a7e9f5875390a305a8076c3261e9d428fa749a7ab1eb55023f1"}
2020-07-22 16:54:06 Payment of 540.990000 BTN to E6p2dx2UdewWDHpWARy2wMgmwXBbu3Fr886t4y4JcJAMb7qeWE7QSvWhZjf28GwmffQqx51VfXw2JiWKyRTUwsE8TbCZ1Uv
2020-07-22 16:54:06 Payments splintered and 1 successfully sent, 0 failed
2020-07-22 16:56:09 Payments sent via wallet daemon {"transactionHash":"67fdf1d69a423b8ece5b22e0bab04e148348c6a38adc464ff5332c9400ed6cf5"}
2020-07-22 16:56:09 Payment of 540.990000 BTN to E6p2dx2UdewWDHpWARy2wMgmwXBbu3Fr886t4y4JcJAMb7qeWE7QSvWhZjf28GwmffQqx51VfXw2JiWKyRTUwsE8TbCZ1Uv
2020-07-22 16:56:09 Payments splintered and 1 successfully sent, 0 failed
2020-07-22 16:58:11 Payments sent via wallet daemon {"transactionHash":"bacbb2c71f3591ddac66f7d1749f97693ba071e98deef267866d0d07909e565b"}
2020-07-22 16:58:11 Payment of 810.990000 BTN to E6p2dx2UdewWDHpWARy2wMgmwXBbu3Fr886t4y4JcJAMb7qeWE7QSvWhZjf28GwmffQqx51VfXw2JiWKyRTUwsE8TbCZ1Uv
2020-07-22 16:58:11 Payments splintered and 1 successfully sent, 0 failed
2020-07-22 17:00:28 Started
2020-07-22 17:00:29 Payments sent via wallet daemon {"transactionHash":"2f68a78da35af4713f63595381bb25317435b2e4d8ac54c8701838da6f857883"}
2020-07-22 17:00:29 Payment of 2703.990000 BTN to E6p2dx2UdewWDHpWARy2wMgmwXBbu3Fr886t4y4JcJAMb7qeWE7QSvWhZjf28GwmffQqx51VfXw2JiWKyRTUwsE8TbCZ1Uv
2020-07-22 17:00:29 Payments splintered and 1 successfully sent, 0 failed
2020-07-22 17:01:43 Started
2020-07-22 17:01:43 No workers' balances reached the minimum payment threshold
2020-07-22 17:03:43 No workers' balances reached the minimum payment threshold
2020-07-22 17:05:44 Payments sent via wallet daemon {"transactionHash":"28714fb72b34ae896c649881257cf55a27e2912a445bb2240e0c200a08a34a21"}
2020-07-22 17:05:44 Payment of 269.990000 BTN to E6p2dx2UdewWDHpWARy2wMgmwXBbu3Fr886t4y4JcJAMb7qeWE7QSvWhZjf28GwmffQqx51VfXw2JiWKyRTUwsE8TbCZ1Uv
2020-07-22 17:05:44 Payments splintered and 1 successfully sent, 0 failed
2020-07-22 17:07:45 Payments sent via wallet daemon {"transactionHash":"de51fc27226b9f7b327a03751dead0017f94fdb74e8e008e12caefc40293a388"}
2020-07-22 17:07:45 Payment of 1705.990000 BTN to E6p2dx2UdewWDHpWARy2wMgmwXBbu3Fr886t4y4JcJAMb7qeWE7QSvWhZjf28GwmffQqx51VfXw2JiWKyRTUwsE8TbCZ1Uv
2020-07-22 17:07:45 Payments splintered and 1 successfully sent, 0 failed
2020-07-22 17:09:45 No workers' balances reached the minimum payment threshold
2020-07-22 17:11:45 Payments sent via wallet daemon {"transactionHash":"85e6148139d81afd964c47f01960c7b0fa28ea3b00ba98539f947112c5fda07f"}
2020-07-22 17:11:45 Payment of 540.990000 BTN to E6p2dx2UdewWDHpWARy2wMgmwXBbu3Fr886t4y4JcJAMb7qeWE7QSvWhZjf28GwmffQqx51VfXw2JiWKyRTUwsE8TbCZ1Uv
2020-07-22 17:11:45 Payments splintered and 1 successfully sent, 0 failed
2020-07-22 17:13:45 No workers' balances reached the minimum payment threshold
2020-07-22 17:15:45 No workers' balances reached the minimum payment threshold
2020-07-22 17:17:44 No workers' balances reached the minimum payment threshold
2020-07-22 17:19:44 No workers' balances reached the minimum payment threshold
2020-07-22 17:21:44 No workers' balances reached the minimum payment threshold
2020-07-22 17:23:44 No workers' balances reached the minimum payment threshold
2020-07-22 17:25:44 No workers' balances reached the minimum payment threshold
2020-07-22 17:27:44 No workers' balances reached the minimum payment threshold
2020-07-22 17:29:44 No workers' balances reached the minimum payment threshold
2020-07-22 17:31:44 No workers' balances reached the minimum payment threshold
2020-07-22 17:33:44 No workers' balances reached the minimum payment threshold
2020-07-22 17:35:44 No workers' balances reached the minimum payment threshold
2020-07-22 17:37:44 No workers' balances reached the minimum payment threshold
2020-07-22 17:39:44 No workers' balances reached the minimum payment threshold
2020-07-22 17:41:44 No workers' balances reached the minimum payment threshold
2020-07-22 17:43:44 No workers' balances reached the minimum payment threshold
2020-07-22 17:45:44 No workers' balances reached the minimum payment threshold
2020-07-22 17:47:44 No workers' balances reached the minimum payment threshold
2020-07-22 17:49:44 No workers' balances reached the minimum payment threshold
2020-07-22 17:51:44 No workers' balances reached the minimum payment threshold
2020-07-22 17:53:44 No workers' balances reached the minimum payment threshold
2020-07-22 17:55:44 No workers' balances reached the minimum payment threshold
2020-07-22 17:57:44 No workers' balances reached the minimum payment threshold
2020-07-22 17:59:44 No workers' balances reached the minimum payment threshold
2020-07-22 18:01:44 No workers' balances reached the minimum payment threshold
2020-07-22 18:03:44 No workers' balances reached the minimum payment threshold
2020-07-22 18:05:44 No workers' balances reached the minimum payment threshold
2020-07-22 18:07:44 No workers' balances reached the minimum payment threshold
2020-07-22 18:09:44 No workers' balances reached the minimum payment threshold
2020-07-22 18:11:44 No workers' balances reached the minimum payment threshold
2020-07-22 18:13:44 No workers' balances reached the minimum payment threshold
2020-07-22 18:15:44 No workers' balances reached the minimum payment threshold
2020-07-22 18:17:44 No workers' balances reached the minimum payment threshold
2020-07-22 18:19:44 No workers' balances reached the minimum payment threshold
2020-07-22 18:21:44 No workers' balances reached the minimum payment threshold
2020-07-22 18:23:44 No workers' balances reached the minimum payment threshold
2020-07-22 18:25:44 No workers' balances reached the minimum payment threshold
2020-07-22 18:27:44 No workers' balances reached the minimum payment threshold
2020-07-22 18:29:44 No workers' balances reached the minimum payment threshold
2020-07-22 18:31:44 No workers' balances reached the minimum payment threshold
2020-07-22 18:33:44 No workers' balances reached the minimum payment threshold
2020-07-22 18:35:44 No workers' balances reached the minimum payment threshold
2020-07-22 18:37:44 No workers' balances reached the minimum payment threshold
2020-07-22 18:39:44 No workers' balances reached the minimum payment threshold
2020-07-22 18:41:44 No workers' balances reached the minimum payment threshold
2020-07-22 18:43:44 No workers' balances reached the minimum payment threshold
2020-07-22 18:45:44 No workers' balances reached the minimum payment threshold
2020-07-22 18:47:44 No workers' balances reached the minimum payment threshold
2020-07-22 18:49:44 No workers' balances reached the minimum payment threshold
2020-07-22 18:51:44 No workers' balances reached the minimum payment threshold
2020-07-22 18:53:44 No workers' balances reached the minimum payment threshold
2020-07-22 18:55:44 No workers' balances reached the minimum payment threshold
2020-07-22 18:57:44 No workers' balances reached the minimum payment threshold
2020-07-22 18:59:44 No workers' balances reached the minimum payment threshold
2020-07-22 19:01:44 No workers' balances reached the minimum payment threshold
2020-07-22 19:03:44 No workers' balances reached the minimum payment threshold
2020-07-22 19:05:44 No workers' balances reached the minimum payment threshold
2020-07-22 19:07:44 No workers' balances reached the minimum payment threshold
2020-07-22 19:09:44 No workers' balances reached the minimum payment threshold
2020-07-22 19:11:44 No workers' balances reached the minimum payment threshold
2020-07-22 19:13:44 No workers' balances reached the minimum payment threshold
2020-07-22 19:15:44 No workers' balances reached the minimum payment threshold
2020-07-22 19:17:44 No workers' balances reached the minimum payment threshold
2020-07-22 19:19:44 No workers' balances reached the minimum payment threshold
2020-07-22 19:21:44 No workers' balances reached the minimum payment threshold
2020-07-22 19:23:44 No workers' balances reached the minimum payment threshold
2020-07-22 19:25:44 No workers' balances reached the minimum payment threshold
2020-07-22 19:27:44 No workers' balances reached the minimum payment threshold
2020-07-22 19:29:44 No workers' balances reached the minimum payment threshold
2020-07-22 19:31:44 No workers' balances reached the minimum payment threshold
2020-07-22 19:33:44 No workers' balances reached the minimum payment threshold
2020-07-22 19:35:44 No workers' balances reached the minimum payment threshold
2020-07-22 19:37:44 No workers' balances reached the minimum payment threshold
2020-07-22 19:39:44 No workers' balances reached the minimum payment threshold
2020-07-22 19:41:44 No workers' balances reached the minimum payment threshold
2020-07-22 19:43:46 No workers' balances reached the minimum payment threshold
2020-07-22 19:45:45 No workers' balances reached the minimum payment threshold
2020-07-22 19:47:45 No workers' balances reached the minimum payment threshold
2020-07-22 19:49:45 No workers' balances reached the minimum payment threshold
2020-07-22 19:51:45 No workers' balances reached the minimum payment threshold
2020-07-22 19:53:45 No workers' balances reached the minimum payment threshold
2020-07-22 19:55:45 No workers' balances reached the minimum payment threshold
2020-07-22 19:57:45 No workers' balances reached the minimum payment threshold
2020-07-22 19:59:45 No workers' balances reached the minimum payment threshold
2020-07-22 20:01:45 No workers' balances reached the minimum payment threshold
2020-07-22 20:03:45 No workers' balances reached the minimum payment threshold
2020-07-22 20:05:45 No workers' balances reached the minimum payment threshold
2020-07-22 20:07:45 No workers' balances reached the minimum payment threshold
2020-07-22 20:09:45 No workers' balances reached the minimum payment threshold
2020-07-22 20:11:45 No workers' balances reached the minimum payment threshold
2020-07-22 20:13:45 No workers' balances reached the minimum payment threshold
2020-07-22 20:15:45 No workers' balances reached the minimum payment threshold
2020-07-22 20:17:45 No workers' balances reached the minimum payment threshold
2020-07-22 20:19:45 No workers' balances reached the minimum payment threshold
2020-07-22 20:21:45 No workers' balances reached the minimum payment threshold
2020-07-22 20:23:45 No workers' balances reached the minimum payment threshold
2020-07-22 20:25:45 No workers' balances reached the minimum payment threshold
2020-07-22 20:27:45 No workers' balances reached the minimum payment threshold
2020-07-22 20:29:45 No workers' balances reached the minimum payment threshold
2020-07-22 20:31:45 No workers' balances reached the minimum payment threshold
2020-07-22 20:33:45 No workers' balances reached the minimum payment threshold
2020-07-22 20:35:45 No workers' balances reached the minimum payment threshold
2020-07-22 20:37:45 No workers' balances reached the minimum payment threshold
2020-07-22 20:39:45 No workers' balances reached the minimum payment threshold
2020-07-22 20:41:45 No workers' balances reached the minimum payment threshold
2020-07-22 20:43:45 No workers' balances reached the minimum payment threshold
2020-07-22 20:45:45 No workers' balances reached the minimum payment threshold
2020-07-22 20:47:45 No workers' balances reached the minimum payment threshold
2020-07-22 20:49:45 No workers' balances reached the minimum payment threshold
2020-07-22 20:51:45 No workers' balances reached the minimum payment threshold
2020-07-23 16:27:23 Started
2020-07-23 16:27:23 No workers' balances reached the minimum payment threshold
2020-07-23 16:29:23 No workers' balances reached the minimum payment threshold
2020-07-23 16:31:23 No workers' balances reached the minimum payment threshold
2020-07-23 16:33:26 Payments sent via wallet daemon {"transactionHash":"3b07e44dc06b3fc70ab3201c4067916ecba2f48b6f019c1135537a18b8505f1c"}
2020-07-23 16:33:26 Payment of 1350.990000 BTN to E6p2dx2UdewWDHpWARy2wMgmwXBbu3Fr886t4y4JcJAMb7qeWE7QSvWhZjf28GwmffQqx51VfXw2JiWKyRTUwsE8TbCZ1Uv
2020-07-23 16:33:26 Payments splintered and 1 successfully sent, 0 failed
2020-07-23 16:35:29 Payments sent via wallet daemon {"transactionHash":"53fa82d978e763323bcfd40f9a2cf98ea7f49a985256323a92cf44550543992f"}
2020-07-23 16:35:29 Payment of 1621.990000 BTN to E6p2dx2UdewWDHpWARy2wMgmwXBbu3Fr886t4y4JcJAMb7qeWE7QSvWhZjf28GwmffQqx51VfXw2JiWKyRTUwsE8TbCZ1Uv
2020-07-23 16:35:29 Payments splintered and 1 successfully sent, 0 failed
2020-07-23 16:37:31 Payments sent via wallet daemon {"transactionHash":"3450281dfd30f2730b5201a9b86c26460247e9f197d95b0e8d9571e450404608"}
2020-07-23 16:37:31 Payment of 269.990000 BTN to E6p2dx2UdewWDHpWARy2wMgmwXBbu3Fr886t4y4JcJAMb7qeWE7QSvWhZjf28GwmffQqx51VfXw2JiWKyRTUwsE8TbCZ1Uv
2020-07-23 16:37:31 Payments splintered and 1 successfully sent, 0 failed
2020-07-23 16:39:32 Payments sent via wallet daemon {"transactionHash":"c99c6c002a6fa2737090673b77a5dac81234431339b196af9b089db60687827f"}
2020-07-23 16:39:32 Payment of 810.990000 BTN to E6p2dx2UdewWDHpWARy2wMgmwXBbu3Fr886t4y4JcJAMb7qeWE7QSvWhZjf28GwmffQqx51VfXw2JiWKyRTUwsE8TbCZ1Uv
2020-07-23 16:39:32 Payments splintered and 1 successfully sent, 0 failed
2020-07-23 16:41:33 Payments sent via wallet daemon {"transactionHash":"9f1141f936ad8d80e57cee16f7da7d565069d570d27f68d37cef022843d35a91"}
2020-07-23 16:41:33 Payment of 269.990000 BTN to E6p2dx2UdewWDHpWARy2wMgmwXBbu3Fr886t4y4JcJAMb7qeWE7QSvWhZjf28GwmffQqx51VfXw2JiWKyRTUwsE8TbCZ1Uv
2020-07-23 16:41:33 Payments splintered and 1 successfully sent, 0 failed
2020-07-23 16:43:33 No workers' balances reached the minimum payment threshold
2020-07-23 16:45:34 Payments sent via wallet daemon {"transactionHash":"d5b1b82d5795a82984acaef2d3e78e93b17da6f9f147257794ae551676d73144"}
2020-07-23 16:45:34 Payment of 270.990000 BTN to E6p2dx2UdewWDHpWARy2wMgmwXBbu3Fr886t4y4JcJAMb7qeWE7QSvWhZjf28GwmffQqx51VfXw2JiWKyRTUwsE8TbCZ1Uv
2020-07-23 16:45:34 Payments splintered and 1 successfully sent, 0 failed
2020-07-23 16:47:35 Payments sent via wallet daemon {"transactionHash":"b337dee151b58a167ebbf418c9382ae1c9a91b99a29edbae7a8a2ea697de0767"}
2020-07-23 16:47:35 Payment of 810.990000 BTN to E6p2dx2UdewWDHpWARy2wMgmwXBbu3Fr886t4y4JcJAMb7qeWE7QSvWhZjf28GwmffQqx51VfXw2JiWKyRTUwsE8TbCZ1Uv
2020-07-23 16:47:35 Payments splintered and 1 successfully sent, 0 failed
2020-07-23 16:49:35 No workers' balances reached the minimum payment threshold
2020-07-23 16:51:35 No workers' balances reached the minimum payment threshold
2020-07-23 16:53:37 Payments sent via wallet daemon {"transactionHash":"f0b276f04fba4ff7e4c748f5377e743f9907778c90aea3bfb7b8fe551943f63e"}
2020-07-23 16:53:37 Payment of 1350.990000 BTN to E6p2dx2UdewWDHpWARy2wMgmwXBbu3Fr886t4y4JcJAMb7qeWE7QSvWhZjf28GwmffQqx51VfXw2JiWKyRTUwsE8TbCZ1Uv
2020-07-23 16:53:37 Payments splintered and 1 successfully sent, 0 failed
2020-07-23 16:55:37 No workers' balances reached the minimum payment threshold
2020-07-23 16:57:37 Payments sent via wallet daemon {"transactionHash":"6e8644e3d48bdb652fec33584a6b3c846a41256aa5975dd6032ae5b5dc85ebb7"}
2020-07-23 16:57:37 Payment of 269.990000 BTN to E6p2dx2UdewWDHpWARy2wMgmwXBbu3Fr886t4y4JcJAMb7qeWE7QSvWhZjf28GwmffQqx51VfXw2JiWKyRTUwsE8TbCZ1Uv
2020-07-23 16:57:37 Payments splintered and 1 successfully sent, 0 failed
2020-07-23 16:59:37 No workers' balances reached the minimum payment threshold
2020-07-23 17:01:37 No workers' balances reached the minimum payment threshold
2020-07-23 17:03:37 No workers' balances reached the minimum payment threshold
2020-07-23 17:05:37 No workers' balances reached the minimum payment threshold
2020-07-23 17:07:37 No workers' balances reached the minimum payment threshold
2020-07-23 17:09:37 No workers' balances reached the minimum payment threshold
2020-07-23 17:11:37 No workers' balances reached the minimum payment threshold
2020-07-23 17:13:37 No workers' balances reached the minimum payment threshold
2020-07-23 17:15:37 No workers' balances reached the minimum payment threshold
2020-07-23 17:17:37 No workers' balances reached the minimum payment threshold
2020-07-23 17:19:37 No workers' balances reached the minimum payment threshold
2020-07-23 17:21:37 No workers' balances reached the minimum payment threshold
2020-07-23 17:23:37 No workers' balances reached the minimum payment threshold
2020-07-23 17:25:37 No workers' balances reached the minimum payment threshold
2020-07-23 17:27:37 No workers' balances reached the minimum payment threshold
2020-07-23 17:29:37 No workers' balances reached the minimum payment threshold
2020-07-23 17:31:37 No workers' balances reached the minimum payment threshold
2020-07-23 17:33:37 No workers' balances reached the minimum payment threshold
2020-07-23 17:35:37 No workers' balances reached the minimum payment threshold
2020-07-23 17:37:37 No workers' balances reached the minimum payment threshold
2020-07-23 17:39:37 No workers' balances reached the minimum payment threshold
2020-07-23 17:41:37 No workers' balances reached the minimum payment threshold
2020-07-23 17:43:37 No workers' balances reached the minimum payment threshold
2020-07-23 17:45:37 No workers' balances reached the minimum payment threshold
2020-07-23 17:47:37 No workers' balances reached the minimum payment threshold
2020-07-23 17:49:37 No workers' balances reached the minimum payment threshold
2020-07-23 17:51:37 No workers' balances reached the minimum payment threshold
2020-07-23 17:53:37 No workers' balances reached the minimum payment threshold
2020-07-23 17:55:37 No workers' balances reached the minimum payment threshold
2020-07-23 17:57:37 No workers' balances reached the minimum payment threshold
2020-07-23 17:59:37 No workers' balances reached the minimum payment threshold
2020-07-23 18:01:37 No workers' balances reached the minimum payment threshold
2020-07-23 18:03:37 No workers' balances reached the minimum payment threshold
2020-07-23 18:05:37 No workers' balances reached the minimum payment threshold
2020-07-23 18:07:37 No workers' balances reached the minimum payment threshold
2020-07-23 18:09:37 No workers' balances reached the minimum payment threshold
2020-07-23 18:11:37 No workers' balances reached the minimum payment threshold
2020-07-23 18:13:37 No workers' balances reached the minimum payment threshold
2020-07-23 18:15:37 No workers' balances reached the minimum payment threshold
2020-07-23 18:17:37 No workers' balances reached the minimum payment threshold
2020-07-23 18:19:37 No workers' balances reached the minimum payment threshold
2020-07-23 18:21:37 No workers' balances reached the minimum payment threshold
2020-07-23 18:23:37 No workers' balances reached the minimum payment threshold
2020-07-23 18:25:37 No workers' balances reached the minimum payment threshold
2020-07-23 18:27:37 No workers' balances reached the minimum payment threshold
2020-07-23 18:29:37 No workers' balances reached the minimum payment threshold
2020-07-23 18:31:37 No workers' balances reached the minimum payment threshold
2020-07-23 18:33:37 No workers' balances reached the minimum payment threshold
2020-07-23 18:35:37 No workers' balances reached the minimum payment threshold
2020-07-23 18:37:37 No workers' balances reached the minimum payment threshold
2020-07-23 18:39:37 No workers' balances reached the minimum payment threshold
2020-07-23 18:41:37 No workers' balances reached the minimum payment threshold
2020-07-23 18:43:37 No workers' balances reached the minimum payment threshold
2020-07-23 18:45:37 No workers' balances reached the minimum payment threshold
2020-07-23 18:47:37 No workers' balances reached the minimum payment threshold
2020-07-23 18:49:37 No workers' balances reached the minimum payment threshold
2020-07-23 18:51:37 No workers' balances reached the minimum payment threshold
2020-07-23 18:53:37 No workers' balances reached the minimum payment threshold
2020-07-23 18:55:37 No workers' balances reached the minimum payment threshold
2020-07-23 18:57:37 No workers' balances reached the minimum payment threshold
2020-07-23 18:59:37 No workers' balances reached the minimum payment threshold
2020-07-23 19:01:37 No workers' balances reached the minimum payment threshold
2020-07-23 19:03:37 No workers' balances reached the minimum payment threshold
2020-07-23 19:05:37 No workers' balances reached the minimum payment threshold
2020-07-23 19:07:37 No workers' balances reached the minimum payment threshold
2020-07-23 19:09:37 No workers' balances reached the minimum payment threshold
2020-07-23 19:11:37 No workers' balances reached the minimum payment threshold
2020-07-23 19:13:37 No workers' balances reached the minimum payment threshold
2020-07-23 19:15:37 No workers' balances reached the minimum payment threshold
2020-07-23 19:17:37 No workers' balances reached the minimum payment threshold
2020-07-23 19:19:38 No workers' balances reached the minimum payment threshold
2020-07-23 19:21:38 No workers' balances reached the minimum payment threshold
2020-07-23 19:23:38 No workers' balances reached the minimum payment threshold
2020-07-23 19:25:38 No workers' balances reached the minimum payment threshold
2020-07-23 19:27:38 No workers' balances reached the minimum payment threshold
2020-07-23 19:29:38 No workers' balances reached the minimum payment threshold
2020-07-23 19:31:38 No workers' balances reached the minimum payment threshold
2020-07-23 19:33:38 No workers' balances reached the minimum payment threshold
2020-07-23 19:35:38 No workers' balances reached the minimum payment threshold
2020-07-23 19:37:38 No workers' balances reached the minimum payment threshold
2020-07-23 19:39:38 No workers' balances reached the minimum payment threshold
2020-07-23 19:41:38 No workers' balances reached the minimum payment threshold
2020-07-23 19:43:38 No workers' balances reached the minimum payment threshold
2020-07-23 19:45:38 No workers' balances reached the minimum payment threshold
2020-07-23 19:47:38 No workers' balances reached the minimum payment threshold
